# JRE version: Java(TM) SE Runtime Environment (8.0_101-b13) (build 1.8.0_101-b13)
# Java VM: Java HotSpot(TM) 64-Bit Server VM (25.101-b13 mixed mode windows-amd64 compressed oops)
Heap:
 PSYoungGen      total 33280K, used 11467K [0x00000000eab00000, 0x00000000ecd80000, 0x0000000100000000)
  eden space 31232K, 34% used [0x00000000eab00000,0x00000000eb572c38,0x00000000ec980000)
  from space 2048K, 37% used [0x00000000ec980000,0x00000000eca40000,0x00000000ecb80000)
  to   space 2048K, 0% used [0x00000000ecb80000,0x00000000ecb80000,0x00000000ecd80000)
 ParOldGen       total 401920K, used 395822K [0x00000000c0000000, 0x00000000d8880000, 0x00000000eab00000)
  object space 401920K, 98% used [0x00000000c0000000,0x00000000d828bbd0,0x00000000d8880000)
 Metaspace       used 101456K, capacity 112758K, committed 112984K, reserved 1146880K
  class space    used 11750K, capacity 14920K, committed 14976K, reserved 1048576K
GC Heap History (10 events):
Event: 84835.181 GC heap before
{Heap before GC invocations=290 (full 7):
 PSYoungGen      total 33792K, used 32032K [0x00000000eab00000, 0x00000000ece80000, 0x0000000100000000)
  eden space 31232K, 100% used [0x00000000eab00000,0x00000000ec980000,0x00000000ec980000)
  from space 2560K, 31% used [0x00000000ecc00000,0x00000000eccc8000,0x00000000ece80000)
  to   space 2560K, 0% used [0x00000000ec980000,0x00000000ec980000,0x00000000ecc00000)
 ParOldGen       total 401920K, used 395822K [0x00000000c0000000, 0x00000000d8880000, 0x00000000eab00000)
  object space 401920K, 98% used [0x00000000c0000000,0x00000000d828bbd0,0x00000000d8880000)
 Metaspace       used 101456K, capacity 112758K, committed 112984K, reserved 1146880K
  class space    used 11750K, capacity 14920K, committed 14976K, reserved 1048576K
Event: 84835.193 GC heap after
Heap after GC invocations=290 (full 7):
 PSYoungGen      total 32256K, used 832K [0x00000000eab00000, 0x00000000ecd80000, 0x0000000100000000)
  eden space 31232K, 0% used [0x00000000eab00000,0x00000000eab00000,0x00000000ec980000)
  from space 1024K, 81% used [0x00000000ec980000,0x00000000eca50000,0x00000000eca80000)
  to   space 2048K, 0% used [0x00000000ecb80000,0x00000000ecb80000,0x00000000ecd80000)
 ParOldGen       total 401920K, used 395822K [0x00000000c0000000, 0x00000000d8880000, 0x00000000eab00000)
  object space 401920K, 98% used [0x00000000c0000000,0x00000000d828bbd0,0x00000000d8880000)
 Metaspace       used 101456K, capacity 112758K, committed 112984K, reserved 1146880K
  class space    used 11750K, capacity 14920K, committed 14976K, reserved 1048576K
}
Event: 85121.694 GC heap before
{Heap before GC invocations=291 (full 7):
 PSYoungGen      total 32256K, used 32064K [0x00000000eab00000, 0x00000000ecd80000, 0x0000000100000000)
  eden space 31232K, 100% used [0x00000000eab00000,0x00000000ec980000,0x00000000ec980000)
  from space 1024K, 81% used [0x00000000ec980000,0x00000000eca50000,0x00000000eca80000)
  to   space 2048K, 0% used [0x00000000ecb80000,0x00000000ecb80000,0x00000000ecd80000)
 ParOldGen       total 401920K, used 395822K [0x00000000c0000000, 0x00000000d8880000, 0x00000000eab00000)
  object space 401920K, 98% used [0x00000000c0000000,0x00000000d828bbd0,0x00000000d8880000)
 Metaspace       used 101456K, capacity 112758K, committed 112984K, reserved 1146880K
  class space    used 11750K, capacity 14920K, committed 14976K, reserved 1048576K
Event: 85121.699 GC heap after
Heap after GC invocations=291 (full 7):
 PSYoungGen      total 33280K, used 832K [0x00000000eab00000, 0x00000000ecd80000, 0x0000000100000000)
  eden space 31232K, 0% used [0x00000000eab00000,0x00000000eab00000,0x00000000ec980000)
  from space 2048K, 40% used [0x00000000ecb80000,0x00000000ecc50000,0x00000000ecd80000)
  to   space 2048K, 0% used [0x00000000ec980000,0x00000000ec980000,0x00000000ecb80000)
 ParOldGen       total 401920K, used 395822K [0x00000000c0000000, 0x00000000d8880000, 0x00000000eab00000)
  object space 401920K, 98% used [0x00000000c0000000,0x00000000d828bbd0,0x00000000d8880000)
 Metaspace       used 101456K, capacity 112758K, committed 112984K, reserved 1146880K
  class space    used 11750K, capacity 14920K, committed 14976K, reserved 1048576K
}
Event: 85427.794 GC heap before
{Heap before GC invocations=292 (full 7):
 PSYoungGen      total 33280K, used 32064K [0x00000000eab00000, 0x00000000ecd80000, 0x0000000100000000)
  eden space 31232K, 100% used [0x00000000eab00000,0x00000000ec980000,0x00000000ec980000)
  from space 2048K, 40% used [0x00000000ecb80000,0x00000000ecc50000,0x00000000ecd80000)
  to   space 2048K, 0% used [0x00000000ec980000,0x00000000ec980000,0x00000000ecb80000)
 ParOldGen       total 401920K, used 395822K [0x00000000c0000000, 0x00000000d8880000, 0x00000000eab00000)
  object space 401920K, 98% used [0x00000000c0000000,0x00000000d828bbd0,0x00000000d8880000)
 Metaspace       used 101456K, capacity 112758K, committed 112984K, reserved 1146880K
  class space    used 11750K, capacity 14920K, committed 14976K, reserved 1048576K
Event: 85427.798 GC heap after
Heap after GC invocations=292 (full 7):
 PSYoungGen      total 33280K, used 832K [0x00000000eab00000, 0x00000000ecd80000, 0x0000000100000000)
  eden space 31232K, 0% used [0x00000000eab00000,0x00000000eab00000,0x00000000ec980000)
  from space 2048K, 40% used [0x00000000ec980000,0x00000000eca50000,0x00000000ecb80000)
  to   space 2048K, 0% used [0x00000000ecb80000,0x00000000ecb80000,0x00000000ecd80000)
 ParOldGen       total 401920K, used 395822K [0x00000000c0000000, 0x00000000d8880000, 0x00000000eab00000)
  object space 401920K, 98% used [0x00000000c0000000,0x00000000d828bbd0,0x00000000d8880000)
 Metaspace       used 101456K, capacity 112758K, committed 112984K, reserved 1146880K
  class space    used 11750K, capacity 14920K, committed 14976K, reserved 1048576K
}
Event: 85666.977 GC heap before
{Heap before GC invocations=293 (full 7):
 PSYoungGen      total 33280K, used 32064K [0x00000000eab00000, 0x00000000ecd80000, 0x0000000100000000)
  eden space 31232K, 100% used [0x00000000eab00000,0x00000000ec980000,0x00000000ec980000)
  from space 2048K, 40% used [0x00000000ec980000,0x00000000eca50000,0x00000000ecb80000)
  to   space 2048K, 0% used [0x00000000ecb80000,0x00000000ecb80000,0x00000000ecd80000)
 ParOldGen       total 401920K, used 395822K [0x00000000c0000000, 0x00000000d8880000, 0x00000000eab00000)
  object space 401920K, 98% used [0x00000000c0000000,0x00000000d828bbd0,0x00000000d8880000)
 Metaspace       used 101456K, capacity 112758K, committed 112984K, reserved 1146880K
  class space    used 11750K, capacity 14920K, committed 14976K, reserved 1048576K
Event: 85666.986 GC heap after
Heap after GC invocations=293 (full 7):
 PSYoungGen      total 33280K, used 800K [0x00000000eab00000, 0x00000000ecd80000, 0x0000000100000000)
  eden space 31232K, 0% used [0x00000000eab00000,0x00000000eab00000,0x00000000ec980000)
  from space 2048K, 39% used [0x00000000ecb80000,0x00000000ecc48000,0x00000000ecd80000)
  to   space 2048K, 0% used [0x00000000ec980000,0x00000000ec980000,0x00000000ecb80000)
 ParOldGen       total 401920K, used 395822K [0x00000000c0000000, 0x00000000d8880000, 0x00000000eab00000)
  object space 401920K, 98% used [0x00000000c0000000,0x00000000d828bbd0,0x00000000d8880000)
 Metaspace       used 101456K, capacity 112758K, committed 112984K, reserved 1146880K
  class space    used 11750K, capacity 14920K, committed 14976K, reserved 1048576K
}
Event: 85929.418 GC heap before
{Heap before GC invocations=294 (full 7):
 PSYoungGen      total 33280K, used 28369K [0x00000000eab00000, 0x00000000ecd80000, 0x0000000100000000)
  eden space 31232K, 88% used [0x00000000eab00000,0x00000000ec5ec438,0x00000000ec980000)
  from space 2048K, 39% used [0x00000000ecb80000,0x00000000ecc48000,0x00000000ecd80000)
  to   space 2048K, 0% used [0x00000000ec980000,0x00000000ec980000,0x00000000ecb80000)
 ParOldGen       total 401920K, used 395822K [0x00000000c0000000, 0x00000000d8880000, 0x00000000eab00000)
  object space 401920K, 98% used [0x00000000c0000000,0x00000000d828bbd0,0x00000000d8880000)
 Metaspace       used 101456K, capacity 112758K, committed 112984K, reserved 1146880K
  class space    used 11750K, capacity 14920K, committed 14976K, reserved 1048576K
Event: 85929.426 GC heap after
Heap after GC invocations=294 (full 7):
 PSYoungGen      total 33280K, used 768K [0x00000000eab00000, 0x00000000ecd80000, 0x0000000100000000)
  eden space 31232K, 0% used [0x00000000eab00000,0x00000000eab00000,0x00000000ec980000)
  from space 2048K, 37% used [0x00000000ec980000,0x00000000eca40000,0x00000000ecb80000)
  to   space 2048K, 0% used [0x00000000ecb80000,0x00000000ecb80000,0x00000000ecd80000)
 ParOldGen       total 401920K, used 395822K [0x00000000c0000000, 0x00000000d8880000, 0x00000000eab00000)
  object space 401920K, 98% used [0x00000000c0000000,0x00000000d828bbd0,0x00000000d8880000)
 Metaspace       used 101456K, capacity 112758K, committed 112984K, reserved 1146880K
  class space    used 11750K, capacity 14920K, committed 14976K, reserved 1048576K
}

